<?xml version="1.0" encoding="UTF-8"?>
<!-- Generated by org.testng.reporters.JUnitReportReporter -->
<testsuite skipped="1" hostname="Ruthwik" name="testcases.AttributesDemo" tests="5" failures="0" timestamp="29 Jul 2021 05:07:19 GMT" time="0.047" errors="0">
  <testcase name="createTimetracker" time="0.031" classname="testcases.AttributesDemo"/>
  <testcase name="display" time="0.003" classname="testcases.AttributesDemo"/>
  <testcase name="show" time="0.009" classname="testcases.AttributesDemo"/>
  <testcase name="show" time="0.004" classname="testcases.AttributesDemo"/>
  <testcase name="createCustomer" classname="testcases.AttributesDemo">
    <skipped/>
  </testcase> <!-- createCustomer -->
</testsuite> <!-- testcases.AttributesDemo -->
