<?xml version="1.0" encoding="UTF-8"?>
<!-- Generated by org.testng.reporters.JUnitReportReporter -->
<testsuite skipped="0" hostname="Ruthwik" name="practice.PriorityDemo" tests="4" failures="0" timestamp="02 Aug 2021 05:01:35 GMT" time="0.047" errors="0">
  <testcase name="TC001" time="0.033" classname="practice.PriorityDemo"/>
  <testcase name="TC003" time="0.004" classname="practice.PriorityDemo"/>
  <testcase name="TC002" time="0.003" classname="practice.PriorityDemo"/>
  <testcase name="TC004" time="0.007" classname="practice.PriorityDemo"/>
</testsuite> <!-- practice.PriorityDemo -->
