<?xml version="1.0" encoding="UTF-8"?>
<!-- Generated by org.testng.reporters.JUnitReportReporter -->
<testsuite skipped="0" hostname="Ruthwik" name="practice.PriorityDemo" tests="4" failures="0" timestamp="29 Jul 2021 06:00:52 GMT" time="0.040" errors="0">
  <testcase name="TC001" time="0.027" classname="practice.PriorityDemo"/>
  <testcase name="TC003" time="0.003" classname="practice.PriorityDemo"/>
  <testcase name="TC002" time="0.008" classname="practice.PriorityDemo"/>
  <testcase name="TC004" time="0.002" classname="practice.PriorityDemo"/>
</testsuite> <!-- practice.PriorityDemo -->
