<?xml version="1.0" encoding="UTF-8"?>
<!-- Generated by org.testng.reporters.JUnitReportReporter -->
<testsuite skipped="0" hostname="Ruthwik" name="testcases.AnnotationDemo" tests="4" failures="0" timestamp="28 Jul 2021 06:03:10 GMT" time="0.023" errors="0">
  <testcase name="TC002" time="0.004" classname="testcases.AnnotationDemo"/>
  <testcase name="TC002" time="0.003" classname="testcases.AnnotationDemo"/>
  <testcase name="TC001" time="0.012" classname="testcases.AnnotationDemo"/>
  <testcase name="TC001" time="0.004" classname="testcases.AnnotationDemo"/>
</testsuite> <!-- testcases.AnnotationDemo -->
