<?xml version="1.0" encoding="UTF-8"?>
<!-- Generated by org.testng.reporters.JUnitReportReporter -->
<testsuite skipped="1" hostname="Ruthwik" name="testcases.TasksTests" tests="1" failures="0" timestamp="04 Aug 2021 11:15:50 GMT" time="0.000" errors="0">
  <testcase name="createCustomer" time="0.000" classname="testcases.TasksTests">
    <skipped/>
  </testcase> <!-- createCustomer -->
</testsuite> <!-- testcases.TasksTests -->
