<?xml version="1.0" encoding="UTF-8"?>
<!-- Generated by org.testng.reporters.JUnitReportReporter -->
<testsuite skipped="1" hostname="Ruthwik" name="practice.DataProviderDemo" tests="1" failures="0" timestamp="03 Aug 2021 11:05:07 GMT" time="0.000" errors="0">
  <testcase name="facebookLogin" time="0.000" classname="practice.DataProviderDemo">
    <skipped/>
  </testcase> <!-- facebookLogin -->
</testsuite> <!-- practice.DataProviderDemo -->
