<?xml version="1.0" encoding="UTF-8"?>
<!-- Generated by org.testng.reporters.JUnitReportReporter -->
<testsuite skipped="0" hostname="Ruthwik" name="testcases.RegressionSuite" tests="1" failures="0" timestamp="11 Jul 2021 14:54:47 GMT" time="74.068" errors="0">
  <testcase name="createTask" time="74.068" classname="testcases.RegressionSuite"/>
</testsuite> <!-- testcases.RegressionSuite -->
