<?xml version="1.0" encoding="UTF-8"?>
<!-- Generated by org.testng.reporters.JUnitReportReporter -->
<testsuite skipped="0" hostname="Ruthwik" name="practice.ParametersDemo" tests="1" failures="0" timestamp="29 Jul 2021 06:10:30 GMT" time="18.872" errors="0">
  <testcase name="ShowCustDetails" time="18.872" classname="practice.ParametersDemo"/>
</testsuite> <!-- practice.ParametersDemo -->
