<?xml version="1.0" encoding="UTF-8"?>
<!-- Generated by org.testng.reporters.JUnitReportReporter -->
<testsuite skipped="0" hostname="Ruthwik" name="testcases.TasksTests" tests="1" failures="0" timestamp="28 Jul 2021 06:03:10 GMT" time="0.001" errors="0">
  <testcase name="test" time="0.001" classname="testcases.TasksTests"/>
</testsuite> <!-- testcases.TasksTests -->
