<?xml version="1.0" encoding="UTF-8"?>
<!-- Generated by org.testng.reporters.JUnitReportReporter -->
<testsuite skipped="0" hostname="Ruthwik" name="testcases.TasksTests" tests="3" failures="0" timestamp="09 Aug 2021 05:18:57 GMT" time="76.225" errors="0">
  <testcase name="createCustomer" time="25.727" classname="testcases.TasksTests"/>
  <testcase name="createCustomer" time="25.765" classname="testcases.TasksTests"/>
  <testcase name="createCustomer" time="24.733" classname="testcases.TasksTests"/>
</testsuite> <!-- testcases.TasksTests -->
